<?xml version="1.0" encoding="utf-8"?><testsuites name="pytest tests"><testsuite name="pytest" errors="0" failures="0" skipped="0" tests="15" time="3.890" timestamp="2026-06-18T16:40:44.261070+00:00" hostname="agent-env-5bb26a87-7d1c-4f36-aa80-a0dd965f0ad7"><testcase classname="backend.tests.test_ike_band.TestContent" name="test_get_content_returns_200" time="0.261" /><testcase classname="backend.tests.test_ike_band.TestContent" name="test_get_content_has_required_keys" time="0.146" /><testcase classname="backend.tests.test_ike_band.TestContent" name="test_announcement_text" time="0.122" /><testcase classname="backend.tests.test_ike_band.TestContent" name="test_about_has_subkeys" time="0.103" /><testcase classname="backend.tests.test_ike_band.TestContent" name="test_schedule_has_subkeys" time="0.136" /><testcase classname="backend.tests.test_ike_band.TestContent" name="test_schedule_rehearsals_not_empty" time="0.139" /><testcase classname="backend.tests.test_ike_band.TestAuth" name="test_login_correct_password" time="0.320" /><testcase classname="backend.tests.test_ike_band.TestAuth" name="test_login_sets_cookie" time="0.328" /><testcase classname="backend.tests.test_ike_band.TestAuth" name="test_login_wrong_password" time="0.348" /><testcase classname="backend.tests.test_ike_band.TestAuth" name="test_login_wrong_password_error_message" time="0.367" /><testcase classname="backend.tests.test_ike_band.TestAuth" name="test_auth_me_without_token" time="0.097" /><testcase classname="backend.tests.test_ike_band.TestAuth" name="test_auth_me_with_token" time="0.377" /><testcase classname="backend.tests.test_ike_band.TestAuth" name="test_update_content_requires_auth" time="0.093" /><testcase classname="backend.tests.test_ike_band.TestAuth" name="test_update_content_with_auth" time="0.522" /><testcase classname="backend.tests.test_ike_band.TestAuth" name="test_logout" time="0.365" /></testsuite></testsuites>